#! /c/Source/iverilog-install/bin/vvp
:ivl_version "12.0 (devel)" "(s20150603-1539-g2693dd32b)";
:ivl_delay_selection "TYPICAL";
:vpi_time_precision - 9;
:vpi_module "C:\iverilog\lib\ivl\system.vpi";
:vpi_module "C:\iverilog\lib\ivl\vhdl_sys.vpi";
:vpi_module "C:\iverilog\lib\ivl\vhdl_textio.vpi";
:vpi_module "C:\iverilog\lib\ivl\v2005_math.vpi";
:vpi_module "C:\iverilog\lib\ivl\va_math.vpi";
:vpi_module "C:\iverilog\lib\ivl\v2009.vpi";
S_000001f961c3bbe0 .scope package, "$unit" "$unit" 2 1;
 .timescale 0 0;
S_000001f961c3b440 .scope module, "tb_frequency_meter" "tb_frequency_meter" 3 3;
 .timescale -9 -9;
v000001f961c82aa0_0 .var "clk_meas", 0 0;
v000001f961c83720_0 .var "clk_ref", 0 0;
v000001f961c82be0_0 .net "meas_out", 31 0, v000001f961c3e730_0;  1 drivers
v000001f961c83540_0 .net "ref_out", 31 0, v000001f961cf1f60_0;  1 drivers
v000001f961c82a00_0 .net "start_ext", 0 0, v000001f961cf2000_0;  1 drivers
v000001f961c83360_0 .net "stop_ext", 0 0, v000001f961c82f00_0;  1 drivers
v000001f961c83680_0 .var "sys_rstn", 0 0;
S_000001f961c3e3c0 .scope module, "uut" "frequency_meter" 3 17, 4 1 0, S_000001f961c3b440;
 .timescale -9 -9;
    .port_info 0 /INPUT 1 "sys_rstn";
    .port_info 1 /INPUT 1 "clk_ref";
    .port_info 2 /INPUT 1 "clk_meas";
    .port_info 3 /OUTPUT 32 "ref_out";
    .port_info 4 /OUTPUT 32 "meas_out";
    .port_info 5 /OUTPUT 1 "start_ext";
    .port_info 6 /OUTPUT 1 "stop_ext";
L_000001f961c95d90 .functor BUFZ 1, v000001f961c3e690_0, C4<0>, C4<0>, C4<0>;
v000001f961c3b300_0 .net "clk_meas", 0 0, v000001f961c82aa0_0;  1 drivers
v000001f961c3b760_0 .net "clk_ref", 0 0, v000001f961c83720_0;  1 drivers
v000001f961c3bd70_0 .var "counter_meas", 31 0;
v000001f961c52c30_0 .var "counter_ref", 31 0;
v000001f961c3b5d0_0 .var "gate", 0 0;
v000001f961c3e550_0 .var "gate_counter", 31 0;
v000001f961c3e5f0_0 .net "gate_edge", 0 0, L_000001f961c95d90;  1 drivers
v000001f961c3e690_0 .var "gate_real", 0 0;
v000001f961c3e730_0 .var "meas_out", 31 0;
v000001f961cf1f60_0 .var "ref_out", 31 0;
v000001f961cf2000_0 .var "start_ext", 0 0;
v000001f961cf20a0_0 .var "state", 3 0;
v000001f961cf2140_0 .var "state_count", 3 0;
v000001f961c82f00_0 .var "stop_ext", 0 0;
v000001f961c83220_0 .net "sys_rstn", 0 0, v000001f961c83680_0;  1 drivers
E_000001f961c792d0 .event posedge, v000001f961c3b760_0;
E_000001f961c794d0 .event negedge, v000001f961c3e5f0_0;
E_000001f961c78990 .event posedge, v000001f961c3e5f0_0;
E_000001f961c789d0 .event posedge, v000001f961c3b300_0;
    .scope S_000001f961c3e3c0;
T_0 ;
    %wait E_000001f961c792d0;
    %load/vec4 v000001f961c3e550_0;
    %cmpi/u 100000, 0, 32;
    %flag_or 5, 4;
    %jmp/0xz  T_0.0, 5;
    %load/vec4 v000001f961c3e550_0;
    %addi 1, 0, 32;
    %assign/vec4 v000001f961c3e550_0, 0;
    %pushi/vec4 1, 0, 1;
    %assign/vec4 v000001f961c3b5d0_0, 0;
    %jmp T_0.1;
T_0.0 ;
    %load/vec4 v000001f961c3e550_0;
    %cmpi/u 100000, 0, 32;
    %flag_or 5, 4; GT is !LE
    %flag_inv 5;
    %flag_get/vec4 5;
    %jmp/0 T_0.4, 5;
    %load/vec4 v000001f961c3e550_0;
    %cmpi/u 150000, 0, 32;
    %flag_get/vec4 4;
    %flag_get/vec4 5;
    %or;
    %and;
T_0.4;
    %flag_set/vec4 8;
    %jmp/0xz  T_0.2, 8;
    %load/vec4 v000001f961c3e550_0;
    %addi 1, 0, 32;
    %assign/vec4 v000001f961c3e550_0, 0;
    %pushi/vec4 0, 0, 1;
    %assign/vec4 v000001f961c3b5d0_0, 0;
    %jmp T_0.3;
T_0.2 ;
    %pushi/vec4 0, 0, 32;
    %assign/vec4 v000001f961c3e550_0, 0;
    %pushi/vec4 0, 0, 1;
    %assign/vec4 v000001f961c3b5d0_0, 0;
T_0.3 ;
T_0.1 ;
    %jmp T_0;
    .thread T_0;
    .scope S_000001f961c3e3c0;
T_1 ;
    %wait E_000001f961c789d0;
    %load/vec4 v000001f961c3b5d0_0;
    %flag_set/vec4 8;
    %jmp/0xz  T_1.0, 8;
    %pushi/vec4 1, 0, 1;
    %assign/vec4 v000001f961c3e690_0, 0;
    %jmp T_1.1;
T_1.0 ;
    %pushi/vec4 0, 0, 1;
    %assign/vec4 v000001f961c3e690_0, 0;
T_1.1 ;
    %jmp T_1;
    .thread T_1;
    .scope S_000001f961c3e3c0;
T_2 ;
    %wait E_000001f961c789d0;
    %load/vec4 v000001f961c3e690_0;
    %flag_set/vec4 8;
    %jmp/0xz  T_2.0, 8;
    %load/vec4 v000001f961c3bd70_0;
    %addi 1, 0, 32;
    %assign/vec4 v000001f961c3bd70_0, 0;
    %jmp T_2.1;
T_2.0 ;
    %pushi/vec4 0, 0, 32;
    %assign/vec4 v000001f961c3bd70_0, 0;
T_2.1 ;
    %jmp T_2;
    .thread T_2;
    .scope S_000001f961c3e3c0;
T_3 ;
    %wait E_000001f961c794d0;
    %load/vec4 v000001f961c3bd70_0;
    %assign/vec4 v000001f961c3e730_0, 0;
    %jmp T_3;
    .thread T_3;
    .scope S_000001f961c3e3c0;
T_4 ;
    %wait E_000001f961c792d0;
    %load/vec4 v000001f961c3e690_0;
    %flag_set/vec4 8;
    %jmp/0xz  T_4.0, 8;
    %load/vec4 v000001f961c52c30_0;
    %addi 1, 0, 32;
    %assign/vec4 v000001f961c52c30_0, 0;
    %jmp T_4.1;
T_4.0 ;
    %pushi/vec4 0, 0, 32;
    %assign/vec4 v000001f961c52c30_0, 0;
T_4.1 ;
    %jmp T_4;
    .thread T_4;
    .scope S_000001f961c3e3c0;
T_5 ;
    %wait E_000001f961c794d0;
    %load/vec4 v000001f961c52c30_0;
    %assign/vec4 v000001f961cf1f60_0, 0;
    %jmp T_5;
    .thread T_5;
    .scope S_000001f961c3e3c0;
T_6 ;
    %wait E_000001f961c792d0;
    %load/vec4 v000001f961c83220_0;
    %pad/u 32;
    %cmpi/e 0, 0, 32;
    %jmp/0xz  T_6.0, 4;
    %pushi/vec4 0, 0, 4;
    %assign/vec4 v000001f961cf20a0_0, 0;
    %pushi/vec4 0, 0, 4;
    %assign/vec4 v000001f961cf2140_0, 0;
    %pushi/vec4 0, 0, 1;
    %assign/vec4 v000001f961cf2000_0, 0;
    %pushi/vec4 0, 0, 1;
    %assign/vec4 v000001f961c82f00_0, 0;
    %pushi/vec4 0, 0, 32;
    %assign/vec4 v000001f961c52c30_0, 0;
    %pushi/vec4 0, 0, 32;
    %assign/vec4 v000001f961c3bd70_0, 0;
T_6.0 ;
    %jmp T_6;
    .thread T_6;
    .scope S_000001f961c3e3c0;
T_7 ;
    %wait E_000001f961c78990;
    %load/vec4 v000001f961cf20a0_0;
    %pad/u 32;
    %cmpi/e 0, 0, 32;
    %jmp/0xz  T_7.0, 4;
    %pushi/vec4 1, 0, 1;
    %assign/vec4 v000001f961cf2000_0, 0;
    %pushi/vec4 0, 0, 1;
    %assign/vec4 v000001f961c82f00_0, 0;
    %pushi/vec4 1, 0, 4;
    %assign/vec4 v000001f961cf20a0_0, 0;
T_7.0 ;
    %jmp T_7;
    .thread T_7;
    .scope S_000001f961c3e3c0;
T_8 ;
    %wait E_000001f961c792d0;
    %load/vec4 v000001f961cf20a0_0;
    %pad/u 32;
    %cmpi/e 1, 0, 32;
    %flag_get/vec4 4;
    %jmp/0 T_8.2, 4;
    %load/vec4 v000001f961cf2140_0;
    %pad/u 32;
    %cmpi/u 4, 0, 32;
    %flag_get/vec4 5;
    %and;
T_8.2;
    %flag_set/vec4 8;
    %jmp/0xz  T_8.0, 8;
    %load/vec4 v000001f961cf2140_0;
    %addi 1, 0, 4;
    %assign/vec4 v000001f961cf2140_0, 0;
T_8.0 ;
    %load/vec4 v000001f961cf20a0_0;
    %pad/u 32;
    %cmpi/e 1, 0, 32;
    %flag_get/vec4 4;
    %jmp/0 T_8.5, 4;
    %load/vec4 v000001f961cf2140_0;
    %pad/u 32;
    %pushi/vec4 4, 0, 32;
    %cmp/e;
    %flag_get/vec4 4;
    %and;
T_8.5;
    %flag_set/vec4 8;
    %jmp/0xz  T_8.3, 8;
    %pushi/vec4 0, 0, 4;
    %assign/vec4 v000001f961cf2140_0, 0;
    %pushi/vec4 2, 0, 4;
    %assign/vec4 v000001f961cf20a0_0, 0;
    %pushi/vec4 0, 0, 1;
    %assign/vec4 v000001f961cf2000_0, 0;
    %pushi/vec4 1, 0, 1;
    %assign/vec4 v000001f961c82f00_0, 0;
T_8.3 ;
    %load/vec4 v000001f961cf20a0_0;
    %pad/u 32;
    %cmpi/e 2, 0, 32;
    %flag_get/vec4 4;
    %jmp/0 T_8.8, 4;
    %load/vec4 v000001f961cf2140_0;
    %pad/u 32;
    %cmpi/u 4, 0, 32;
    %flag_get/vec4 5;
    %and;
T_8.8;
    %flag_set/vec4 8;
    %jmp/0xz  T_8.6, 8;
    %load/vec4 v000001f961cf2140_0;
    %addi 1, 0, 4;
    %assign/vec4 v000001f961cf2140_0, 0;
T_8.6 ;
    %load/vec4 v000001f961cf20a0_0;
    %pad/u 32;
    %cmpi/e 2, 0, 32;
    %flag_get/vec4 4;
    %jmp/0 T_8.11, 4;
    %load/vec4 v000001f961cf2140_0;
    %pad/u 32;
    %pushi/vec4 4, 0, 32;
    %cmp/e;
    %flag_get/vec4 4;
    %and;
T_8.11;
    %flag_set/vec4 8;
    %jmp/0xz  T_8.9, 8;
    %pushi/vec4 0, 0, 4;
    %assign/vec4 v000001f961cf2140_0, 0;
    %pushi/vec4 3, 0, 4;
    %assign/vec4 v000001f961cf20a0_0, 0;
    %pushi/vec4 0, 0, 1;
    %assign/vec4 v000001f961cf2000_0, 0;
    %pushi/vec4 0, 0, 1;
    %assign/vec4 v000001f961c82f00_0, 0;
T_8.9 ;
    %jmp T_8;
    .thread T_8;
    .scope S_000001f961c3e3c0;
T_9 ;
    %wait E_000001f961c794d0;
    %load/vec4 v000001f961cf20a0_0;
    %pad/u 32;
    %cmpi/e 3, 0, 32;
    %jmp/0xz  T_9.0, 4;
    %pushi/vec4 1, 0, 1;
    %assign/vec4 v000001f961cf2000_0, 0;
    %pushi/vec4 0, 0, 1;
    %assign/vec4 v000001f961c82f00_0, 0;
    %pushi/vec4 4, 0, 4;
    %assign/vec4 v000001f961cf20a0_0, 0;
T_9.0 ;
    %jmp T_9;
    .thread T_9;
    .scope S_000001f961c3e3c0;
T_10 ;
    %wait E_000001f961c792d0;
    %load/vec4 v000001f961cf20a0_0;
    %pad/u 32;
    %cmpi/e 4, 0, 32;
    %flag_get/vec4 4;
    %jmp/0 T_10.2, 4;
    %load/vec4 v000001f961cf2140_0;
    %pad/u 32;
    %cmpi/u 4, 0, 32;
    %flag_get/vec4 5;
    %and;
T_10.2;
    %flag_set/vec4 8;
    %jmp/0xz  T_10.0, 8;
    %load/vec4 v000001f961cf2140_0;
    %addi 1, 0, 4;
    %assign/vec4 v000001f961cf2140_0, 0;
T_10.0 ;
    %load/vec4 v000001f961cf20a0_0;
    %pad/u 32;
    %cmpi/e 4, 0, 32;
    %flag_get/vec4 4;
    %jmp/0 T_10.5, 4;
    %load/vec4 v000001f961cf2140_0;
    %pad/u 32;
    %pushi/vec4 4, 0, 32;
    %cmp/e;
    %flag_get/vec4 4;
    %and;
T_10.5;
    %flag_set/vec4 8;
    %jmp/0xz  T_10.3, 8;
    %pushi/vec4 0, 0, 4;
    %assign/vec4 v000001f961cf2140_0, 0;
    %pushi/vec4 5, 0, 4;
    %assign/vec4 v000001f961cf20a0_0, 0;
    %pushi/vec4 0, 0, 1;
    %assign/vec4 v000001f961cf2000_0, 0;
    %pushi/vec4 1, 0, 1;
    %assign/vec4 v000001f961c82f00_0, 0;
T_10.3 ;
    %load/vec4 v000001f961cf20a0_0;
    %pad/u 32;
    %cmpi/e 5, 0, 32;
    %flag_get/vec4 4;
    %jmp/0 T_10.8, 4;
    %load/vec4 v000001f961cf2140_0;
    %pad/u 32;
    %cmpi/u 4, 0, 32;
    %flag_get/vec4 5;
    %and;
T_10.8;
    %flag_set/vec4 8;
    %jmp/0xz  T_10.6, 8;
    %load/vec4 v000001f961cf2140_0;
    %addi 1, 0, 4;
    %assign/vec4 v000001f961cf2140_0, 0;
T_10.6 ;
    %load/vec4 v000001f961cf20a0_0;
    %pad/u 32;
    %cmpi/e 5, 0, 32;
    %flag_get/vec4 4;
    %jmp/0 T_10.11, 4;
    %load/vec4 v000001f961cf2140_0;
    %pad/u 32;
    %pushi/vec4 4, 0, 32;
    %cmp/e;
    %flag_get/vec4 4;
    %and;
T_10.11;
    %flag_set/vec4 8;
    %jmp/0xz  T_10.9, 8;
    %pushi/vec4 0, 0, 4;
    %assign/vec4 v000001f961cf2140_0, 0;
    %pushi/vec4 0, 0, 4;
    %assign/vec4 v000001f961cf20a0_0, 0;
    %pushi/vec4 0, 0, 1;
    %assign/vec4 v000001f961cf2000_0, 0;
    %pushi/vec4 0, 0, 1;
    %assign/vec4 v000001f961c82f00_0, 0;
T_10.9 ;
    %jmp T_10;
    .thread T_10;
    .scope S_000001f961c3b440;
T_11 ;
    %pushi/vec4 0, 0, 1;
    %store/vec4 v000001f961c83720_0, 0, 1;
T_11.0 ;
    %delay 50, 0;
    %load/vec4 v000001f961c83720_0;
    %inv;
    %store/vec4 v000001f961c83720_0, 0, 1;
    %jmp T_11.0;
    %end;
    .thread T_11;
    .scope S_000001f961c3b440;
T_12 ;
    %pushi/vec4 0, 0, 1;
    %store/vec4 v000001f961c83680_0, 0, 1;
    %delay 100, 0;
    %pushi/vec4 1, 0, 1;
    %store/vec4 v000001f961c83680_0, 0, 1;
    %end;
    .thread T_12;
    .scope S_000001f961c3b440;
T_13 ;
    %pushi/vec4 0, 0, 1;
    %store/vec4 v000001f961c82aa0_0, 0, 1;
    %delay 25, 0;
T_13.0 ;
    %delay 500, 0;
    %load/vec4 v000001f961c82aa0_0;
    %inv;
    %store/vec4 v000001f961c82aa0_0, 0, 1;
    %jmp T_13.0;
    %end;
    .thread T_13;
    .scope S_000001f961c3b440;
T_14 ;
    %vpi_call/w 3 46 "$dumpfile", "wave.vcd" {0 0 0};
    %vpi_call/w 3 47 "$dumpvars", 32'sb00000000000000000000000000000000, S_000001f961c3b440 {0 0 0};
    %delay 61000000, 0;
    %vpi_call/w 3 48 "$finish" {0 0 0};
    %end;
    .thread T_14;
# The file index is used to find the file name in the following table.
:file_names 5;
    "N/A";
    "<interactive>";
    "-";
    "tb_TDC.sv";
    "TDC.sv";
